Determining if the pthread_create exist failed with the following output:
Change Dir: /home/ue/empower-srsLTE/build/CMakeFiles/CMakeTmp

Run Build Command:"/usr/bin/make" "cmTC_abe02/fast"
/usr/bin/make -f CMakeFiles/cmTC_abe02.dir/build.make CMakeFiles/cmTC_abe02.dir/build
make[1]: Entering directory '/home/ue/empower-srsLTE/build/CMakeFiles/CMakeTmp'
Building C object CMakeFiles/cmTC_abe02.dir/CheckSymbolExists.c.o
/usr/bin/cc    -o CMakeFiles/cmTC_abe02.dir/CheckSymbolExists.c.o   -c /home/ue/empower-srsLTE/build/CMakeFiles/CMakeTmp/CheckSymbolExists.c
Linking C executable cmTC_abe02
/usr/bin/cmake -E cmake_link_script CMakeFiles/cmTC_abe02.dir/link.txt --verbose=1
/usr/bin/cc      -rdynamic CMakeFiles/cmTC_abe02.dir/CheckSymbolExists.c.o  -o cmTC_abe02 
CMakeFiles/cmTC_abe02.dir/CheckSymbolExists.c.o: In function `main':
CheckSymbolExists.c:(.text+0x1b): undefined reference to `pthread_create'
collect2: error: ld returned 1 exit status
CMakeFiles/cmTC_abe02.dir/build.make:97: recipe for target 'cmTC_abe02' failed
make[1]: *** [cmTC_abe02] Error 1
make[1]: Leaving directory '/home/ue/empower-srsLTE/build/CMakeFiles/CMakeTmp'
Makefile:126: recipe for target 'cmTC_abe02/fast' failed
make: *** [cmTC_abe02/fast] Error 2

File /home/ue/empower-srsLTE/build/CMakeFiles/CMakeTmp/CheckSymbolExists.c:
/* */
#include <pthread.h>

int main(int argc, char** argv)
{
  (void)argv;
#ifndef pthread_create
  return ((int*)(&pthread_create))[argc];
#else
  (void)argc;
  return 0;
#endif
}

Determining if the function pthread_create exists in the pthreads failed with the following output:
Change Dir: /home/ue/empower-srsLTE/build/CMakeFiles/CMakeTmp

Run Build Command:"/usr/bin/make" "cmTC_519eb/fast"
/usr/bin/make -f CMakeFiles/cmTC_519eb.dir/build.make CMakeFiles/cmTC_519eb.dir/build
make[1]: Entering directory '/home/ue/empower-srsLTE/build/CMakeFiles/CMakeTmp'
Building C object CMakeFiles/cmTC_519eb.dir/CheckFunctionExists.c.o
/usr/bin/cc   -DCHECK_FUNCTION_EXISTS=pthread_create   -o CMakeFiles/cmTC_519eb.dir/CheckFunctionExists.c.o   -c /usr/share/cmake-3.10/Modules/CheckFunctionExists.c
Linking C executable cmTC_519eb
/usr/bin/cmake -E cmake_link_script CMakeFiles/cmTC_519eb.dir/link.txt --verbose=1
/usr/bin/cc  -DCHECK_FUNCTION_EXISTS=pthread_create    -rdynamic CMakeFiles/cmTC_519eb.dir/CheckFunctionExists.c.o  -o cmTC_519eb -lpthreads 
/usr/bin/ld: cannot find -lpthreads
collect2: error: ld returned 1 exit status
CMakeFiles/cmTC_519eb.dir/build.make:97: recipe for target 'cmTC_519eb' failed
make[1]: *** [cmTC_519eb] Error 1
make[1]: Leaving directory '/home/ue/empower-srsLTE/build/CMakeFiles/CMakeTmp'
Makefile:126: recipe for target 'cmTC_519eb/fast' failed
make: *** [cmTC_519eb/fast] Error 2


Performing C SOURCE FILE Test HAVE_AVX512 failed with the following output:
Change Dir: /home/ue/empower-srsLTE/build/CMakeFiles/CMakeTmp

Run Build Command:"/usr/bin/make" "cmTC_2ac43/fast"
/usr/bin/make -f CMakeFiles/cmTC_2ac43.dir/build.make CMakeFiles/cmTC_2ac43.dir/build
make[1]: Entering directory '/home/ue/empower-srsLTE/build/CMakeFiles/CMakeTmp'
Building C object CMakeFiles/cmTC_2ac43.dir/src.c.o
/usr/bin/cc   -DHAVE_AVX512 -mavx512f   -o CMakeFiles/cmTC_2ac43.dir/src.c.o   -c /home/ue/empower-srsLTE/build/CMakeFiles/CMakeTmp/src.c
Linking C executable cmTC_2ac43
/usr/bin/cmake -E cmake_link_script CMakeFiles/cmTC_2ac43.dir/link.txt --verbose=1
/usr/bin/cc  -DHAVE_AVX512 -mavx512f    -rdynamic CMakeFiles/cmTC_2ac43.dir/src.c.o  -o cmTC_2ac43 
make[1]: Leaving directory '/home/ue/empower-srsLTE/build/CMakeFiles/CMakeTmp'

Return value: FAILED_TO_RUN
Source file was:

          #include <immintrin.h>
          int main()
          {
            __m512i a, b, c;
            const int src[16] = { 0x0, 0x1, 0x2, 0x3, 0x4, 0x5, 0x6, 0x7, 0x8 , 0x9, 0xA, 0xB, 0xC, 0xD, 0xE, 0xF};
            int dst[16];
            a =  _mm512_loadu_si512( (__m512i*)src );
            b =  _mm512_loadu_si512( (__m512i*)src );
            c = _mm512_add_epi32( a, b );
            _mm512_storeu_si512( (__m512i*)dst, c );
            int i = 0;
            for( i = 0; i < 16; i++ ){
              if( ( src[i] + src[i] ) != dst[i] ){
                return -1;
              }
            }
            return 0;
          }
Performing C++ SOURCE FILE Test HAVE_VISIBILITY_HIDDEN failed with the following output:
Change Dir: /home/ue/empower-srsLTE/build/CMakeFiles/CMakeTmp

Run Build Command:"/usr/bin/make" "cmTC_8e2f6/fast"
/usr/bin/make -f CMakeFiles/cmTC_8e2f6.dir/build.make CMakeFiles/cmTC_8e2f6.dir/build
make[1]: Entering directory '/home/ue/empower-srsLTE/build/CMakeFiles/CMakeTmp'
Building CXX object CMakeFiles/cmTC_8e2f6.dir/src.cxx.o
/usr/bin/c++    -march=native -Wall -Wno-comment -Wno-reorder -Wno-unused-but-set-variable -Wno-unused-variable -Wformat -Wtype-limits -std=c++03 -mfpmath=sse -mavx2 -DLV_HAVE_AVX2 -DLV_HAVE_AVX -DLV_HAVE_SSE -O3 -DBUILD_TYPE_RELEASE -DHAVE_VISIBILITY_HIDDEN  -march=native -Wall -Wno-comment -Wno-write-strings -Winline -Wno-unused-result -Wformat -Wtype-limits -std=c99 -D_GNU_SOURCE -O3 -DBUILD_TYPE_RELEASE -mfpmath=sse -mavx2 -DLV_HAVE_AVX2 -DLV_HAVE_AVX -DLV_HAVE_SSE -Ofast -funroll-loops   -fvisibility=hidden -o CMakeFiles/cmTC_8e2f6.dir/src.cxx.o -c /home/ue/empower-srsLTE/build/CMakeFiles/CMakeTmp/src.cxx
cc1plus: warning: command line option '-std=c99' is valid for C/ObjC but not for C++
Linking CXX executable cmTC_8e2f6
/usr/bin/cmake -E cmake_link_script CMakeFiles/cmTC_8e2f6.dir/link.txt --verbose=1
/usr/bin/c++   -march=native -Wall -Wno-comment -Wno-reorder -Wno-unused-but-set-variable -Wno-unused-variable -Wformat -Wtype-limits -std=c++03 -mfpmath=sse -mavx2 -DLV_HAVE_AVX2 -DLV_HAVE_AVX -DLV_HAVE_SSE -O3 -DBUILD_TYPE_RELEASE -DHAVE_VISIBILITY_HIDDEN  -march=native -Wall -Wno-comment -Wno-write-strings -Winline -Wno-unused-result -Wformat -Wtype-limits -std=c99 -D_GNU_SOURCE -O3 -DBUILD_TYPE_RELEASE -mfpmath=sse -mavx2 -DLV_HAVE_AVX2 -DLV_HAVE_AVX -DLV_HAVE_SSE -Ofast -funroll-loops    -rdynamic CMakeFiles/cmTC_8e2f6.dir/src.cxx.o  -o cmTC_8e2f6 
make[1]: Leaving directory '/home/ue/empower-srsLTE/build/CMakeFiles/CMakeTmp'

Source file was:
int main() { return 0; }
